2015-07-03 11:42:29,689 [ModalContext] WARN  o.e.m.i.discovery.MavenDiscovery - CatalogItem org.eclipse.m2e.discovery.lifecyclemapping.m2e-egit does not contain lifecycle mapping metadata
2015-07-03 11:42:29,699 [ModalContext] WARN  o.e.m.i.discovery.MavenDiscovery - CatalogItem org.eclipse.m2e.discovery.lifecyclemapping.m2e-subversive does not contain lifecycle mapping metadata
2015-07-03 11:42:29,701 [ModalContext] WARN  o.e.m.i.discovery.MavenDiscovery - CatalogItem org.eclipse.m2e.discovery.lifecyclemapping.m2e-subclipse does not contain lifecycle mapping metadata
2015-07-03 11:42:32,759 [Worker-0] INFO  o.e.m.c.i.l.LifecycleMappingFactory - Using org.maven.ide.eclipse.wtp.WarLifecycleMapping lifecycle mapping for MavenProject: org.springframework.samples.service.service:Project:0.0.1-SNAPSHOT @ C:\Users\helicoptero\GitHub_Ines\Project\pom.xml.
2015-07-03 11:42:35,553 [Worker-0] INFO  o.e.m.j.i.AbstractJavaProjectConfigurator - Adding source folder /Project/src/main/java
2015-07-03 11:42:35,554 [Worker-0] INFO  o.e.m.j.i.AbstractJavaProjectConfigurator - Adding resource folder /Project/src/main/resources
2015-07-03 11:42:35,556 [Worker-0] INFO  o.e.m.j.i.AbstractJavaProjectConfigurator - Adding source folder /Project/src/test/java
2015-07-03 11:42:35,887 [Worker-12] INFO  o.e.m.c.i.l.LifecycleMappingFactory - Using org.maven.ide.eclipse.wtp.WarLifecycleMapping lifecycle mapping for MavenProject: org.springframework.samples.service.service:Project:0.0.1-SNAPSHOT @ C:\Users\helicoptero\GitHub_Ines\Project\pom.xml.
2015-07-03 11:42:36,375 [Worker-0] INFO  o.e.m.c.i.p.ProjectConfigurationManager - Project import completed 4 sec
2015-07-03 11:42:37,996 [Worker-1] INFO  o.e.m.c.i.p.ProjectConfigurationManager - Update started
2015-07-03 11:42:37,998 [Worker-1] INFO  o.e.m.c.i.p.ProjectConfigurationManager - Update completed: 0 sec
2015-07-03 11:42:40,844 [Worker-0] INFO  o.e.m.c.i.l.LifecycleMappingFactory - Using org.maven.ide.eclipse.wtp.WarLifecycleMapping lifecycle mapping for MavenProject: org.springframework.samples.service.service:Project:0.0.1-SNAPSHOT @ C:\Users\helicoptero\GitHub_Ines\Project\pom.xml.
2015-07-03 11:42:42,650 [Worker-0] INFO  o.e.m.c.i.embedder.EclipseLogger - Using 'UTF-8' encoding to copy filtered resources.
2015-07-03 11:42:42,656 [Worker-0] INFO  o.e.m.c.i.embedder.EclipseLogger - Copying 4 resources
2015-07-03 11:42:42,673 [Worker-0] INFO  o.e.m.c.i.embedder.EclipseLogger - Using 'UTF-8' encoding to copy filtered resources.
2015-07-03 11:42:42,674 [Worker-0] INFO  o.e.m.c.i.embedder.EclipseLogger - skip non existing resourceDirectory C:\Users\helicoptero\GitHub_Ines\Project\src\test\resources
2015-07-03 11:42:42,678 [Worker-0] INFO  o.e.m.w.i.f.ResourceFilteringBuildParticipant - Executing resource filtering for Project
2015-07-03 11:42:42,710 [Worker-0] INFO  o.e.m.c.i.embedder.EclipseLogger - Using 'UTF-8' encoding to copy filtered resources.
2015-07-03 11:42:42,711 [Worker-0] INFO  o.e.m.c.i.embedder.EclipseLogger - Copying 2 resources to WEB-INF
2015-07-03 11:43:24,718 [Worker-6] INFO  o.e.m.c.i.embedder.EclipseLogger - Using 'UTF-8' encoding to copy filtered resources.
2015-07-03 11:43:24,725 [Worker-6] INFO  o.e.m.c.i.embedder.EclipseLogger - Copying 4 resources
2015-07-03 11:43:24,728 [Worker-6] INFO  o.e.m.c.i.embedder.EclipseLogger - Using 'UTF-8' encoding to copy filtered resources.
2015-07-03 11:43:24,728 [Worker-6] INFO  o.e.m.c.i.embedder.EclipseLogger - skip non existing resourceDirectory C:\Users\helicoptero\GitHub_Ines\Project\src\test\resources
2015-07-03 11:43:29,108 [Worker-1] INFO  o.e.m.c.i.embedder.EclipseLogger - Using 'UTF-8' encoding to copy filtered resources.
2015-07-03 11:43:29,111 [Worker-1] INFO  o.e.m.c.i.embedder.EclipseLogger - Copying 4 resources
2015-07-03 11:43:29,116 [Worker-1] INFO  o.e.m.c.i.embedder.EclipseLogger - Using 'UTF-8' encoding to copy filtered resources.
2015-07-03 11:43:29,117 [Worker-1] INFO  o.e.m.c.i.embedder.EclipseLogger - skip non existing resourceDirectory C:\Users\helicoptero\GitHub_Ines\Project\src\test\resources
2015-07-03 11:43:33,965 [Worker-11] INFO  o.e.m.c.i.embedder.EclipseLogger - Using 'UTF-8' encoding to copy filtered resources.
2015-07-03 11:43:33,969 [Worker-11] INFO  o.e.m.c.i.embedder.EclipseLogger - Copying 4 resources
2015-07-03 11:43:33,973 [Worker-11] INFO  o.e.m.c.i.embedder.EclipseLogger - Using 'UTF-8' encoding to copy filtered resources.
2015-07-03 11:43:33,973 [Worker-11] INFO  o.e.m.c.i.embedder.EclipseLogger - skip non existing resourceDirectory C:\Users\helicoptero\GitHub_Ines\Project\src\test\resources
2015-07-03 11:43:43,420 [Worker-3] INFO  o.e.m.c.i.embedder.EclipseLogger - Using 'UTF-8' encoding to copy filtered resources.
2015-07-03 11:43:43,420 [Worker-3] INFO  o.e.m.c.i.embedder.EclipseLogger - Copying 0 resource
2015-07-03 11:43:43,423 [Worker-3] INFO  o.e.m.c.i.embedder.EclipseLogger - Using 'UTF-8' encoding to copy filtered resources.
2015-07-03 11:43:43,424 [Worker-3] INFO  o.e.m.c.i.embedder.EclipseLogger - skip non existing resourceDirectory C:\Users\helicoptero\GitHub_Ines\Project\src\test\resources
2015-07-03 11:43:48,011 [Worker-13] INFO  o.e.m.c.i.embedder.EclipseLogger - Using 'UTF-8' encoding to copy filtered resources.
2015-07-03 11:43:48,013 [Worker-13] INFO  o.e.m.c.i.embedder.EclipseLogger - Copying 0 resource
2015-07-03 11:43:48,016 [Worker-13] INFO  o.e.m.c.i.embedder.EclipseLogger - Using 'UTF-8' encoding to copy filtered resources.
2015-07-03 11:43:48,016 [Worker-13] INFO  o.e.m.c.i.embedder.EclipseLogger - skip non existing resourceDirectory C:\Users\helicoptero\GitHub_Ines\Project\src\test\resources
2015-07-03 11:44:20,082 [Worker-15] INFO  o.e.m.c.i.embedder.EclipseLogger - Using 'UTF-8' encoding to copy filtered resources.
2015-07-03 11:44:20,083 [Worker-15] INFO  o.e.m.c.i.embedder.EclipseLogger - Copying 1 resource
2015-07-03 11:44:20,088 [Worker-15] INFO  o.e.m.c.i.embedder.EclipseLogger - Using 'UTF-8' encoding to copy filtered resources.
2015-07-03 11:44:20,089 [Worker-15] INFO  o.e.m.c.i.embedder.EclipseLogger - skip non existing resourceDirectory C:\Users\helicoptero\GitHub_Ines\Project\src\test\resources
2015-07-03 11:44:59,707 [Worker-3] INFO  o.e.m.c.i.embedder.EclipseLogger - Using 'UTF-8' encoding to copy filtered resources.
2015-07-03 11:44:59,709 [Worker-3] INFO  o.e.m.c.i.embedder.EclipseLogger - Copying 3 resources
2015-07-03 11:44:59,711 [Worker-3] INFO  o.e.m.c.i.embedder.EclipseLogger - Using 'UTF-8' encoding to copy filtered resources.
2015-07-03 11:44:59,712 [Worker-3] INFO  o.e.m.c.i.embedder.EclipseLogger - skip non existing resourceDirectory C:\Users\helicoptero\GitHub_Ines\Project\src\test\resources
2015-07-03 11:45:12,827 [Worker-12] INFO  o.e.m.c.i.embedder.EclipseLogger - Using 'UTF-8' encoding to copy filtered resources.
2015-07-03 11:45:12,828 [Worker-12] INFO  o.e.m.c.i.embedder.EclipseLogger - Copying 3 resources
2015-07-03 11:45:12,831 [Worker-12] INFO  o.e.m.c.i.embedder.EclipseLogger - Using 'UTF-8' encoding to copy filtered resources.
2015-07-03 11:45:12,831 [Worker-12] INFO  o.e.m.c.i.embedder.EclipseLogger - skip non existing resourceDirectory C:\Users\helicoptero\GitHub_Ines\Project\src\test\resources
2015-07-03 11:45:50,012 [Worker-0] INFO  o.e.m.c.i.embedder.EclipseLogger - Using 'UTF-8' encoding to copy filtered resources.
2015-07-03 11:45:50,013 [Worker-0] INFO  o.e.m.c.i.embedder.EclipseLogger - Copying 0 resource
2015-07-03 11:45:50,017 [Worker-0] INFO  o.e.m.c.i.embedder.EclipseLogger - Using 'UTF-8' encoding to copy filtered resources.
2015-07-03 11:45:50,018 [Worker-0] INFO  o.e.m.c.i.embedder.EclipseLogger - skip non existing resourceDirectory C:\Users\helicoptero\GitHub_Ines\Project\src\test\resources
2015-07-03 11:46:35,524 [Worker-12] INFO  o.e.m.c.i.embedder.EclipseLogger - Using 'UTF-8' encoding to copy filtered resources.
2015-07-03 11:46:35,525 [Worker-12] INFO  o.e.m.c.i.embedder.EclipseLogger - Copying 1 resource
2015-07-03 11:46:35,530 [Worker-12] INFO  o.e.m.c.i.embedder.EclipseLogger - Using 'UTF-8' encoding to copy filtered resources.
2015-07-03 11:46:35,530 [Worker-12] INFO  o.e.m.c.i.embedder.EclipseLogger - skip non existing resourceDirectory C:\Users\helicoptero\GitHub_Ines\Project\src\test\resources
2015-07-06 18:12:29,872 [Worker-21] INFO  o.e.m.c.i.embedder.EclipseLogger - Using 'UTF-8' encoding to copy filtered resources.
2015-07-06 18:12:29,901 [Worker-21] INFO  o.e.m.c.i.embedder.EclipseLogger - Copying 3 resources
2015-07-06 18:12:29,919 [Worker-21] INFO  o.e.m.c.i.embedder.EclipseLogger - Using 'UTF-8' encoding to copy filtered resources.
2015-07-06 18:12:29,920 [Worker-21] INFO  o.e.m.c.i.embedder.EclipseLogger - skip non existing resourceDirectory C:\Users\helicoptero\GitHub_Ines\Project\src\test\resources
2015-07-06 18:13:01,704 [Worker-28] INFO  o.e.m.c.i.embedder.EclipseLogger - Using 'UTF-8' encoding to copy filtered resources.
2015-07-06 18:13:01,777 [Worker-28] INFO  o.e.m.c.i.embedder.EclipseLogger - Copying 3 resources
2015-07-06 18:13:01,781 [Worker-28] INFO  o.e.m.c.i.embedder.EclipseLogger - Using 'UTF-8' encoding to copy filtered resources.
2015-07-06 18:13:01,781 [Worker-28] INFO  o.e.m.c.i.embedder.EclipseLogger - skip non existing resourceDirectory C:\Users\helicoptero\GitHub_Ines\Project\src\test\resources
2015-07-06 18:17:46,492 [Worker-24] INFO  o.e.m.c.i.embedder.EclipseLogger - Using 'UTF-8' encoding to copy filtered resources.
2015-07-06 18:17:46,494 [Worker-24] INFO  o.e.m.c.i.embedder.EclipseLogger - Copying 3 resources
2015-07-06 18:17:46,498 [Worker-24] INFO  o.e.m.c.i.embedder.EclipseLogger - Using 'UTF-8' encoding to copy filtered resources.
2015-07-06 18:17:46,498 [Worker-24] INFO  o.e.m.c.i.embedder.EclipseLogger - skip non existing resourceDirectory C:\Users\helicoptero\GitHub_Ines\Project\src\test\resources
2015-07-06 18:20:06,853 [Worker-36] INFO  o.e.m.c.i.embedder.EclipseLogger - Using 'UTF-8' encoding to copy filtered resources.
2015-07-06 18:20:06,855 [Worker-36] INFO  o.e.m.c.i.embedder.EclipseLogger - Copying 3 resources
2015-07-06 18:20:06,858 [Worker-36] INFO  o.e.m.c.i.embedder.EclipseLogger - Using 'UTF-8' encoding to copy filtered resources.
2015-07-06 18:20:06,858 [Worker-36] INFO  o.e.m.c.i.embedder.EclipseLogger - skip non existing resourceDirectory C:\Users\helicoptero\GitHub_Ines\Project\src\test\resources
2015-07-06 18:21:09,683 [Worker-35] INFO  o.e.m.c.i.embedder.EclipseLogger - Using 'UTF-8' encoding to copy filtered resources.
2015-07-06 18:21:09,684 [Worker-35] INFO  o.e.m.c.i.embedder.EclipseLogger - Copying 3 resources
2015-07-06 18:21:09,687 [Worker-35] INFO  o.e.m.c.i.embedder.EclipseLogger - Using 'UTF-8' encoding to copy filtered resources.
2015-07-06 18:21:09,687 [Worker-35] INFO  o.e.m.c.i.embedder.EclipseLogger - skip non existing resourceDirectory C:\Users\helicoptero\GitHub_Ines\Project\src\test\resources
2015-07-06 18:21:30,360 [Worker-37] INFO  o.e.m.c.i.embedder.EclipseLogger - Using 'UTF-8' encoding to copy filtered resources.
2015-07-06 18:21:30,362 [Worker-37] INFO  o.e.m.c.i.embedder.EclipseLogger - Copying 3 resources
2015-07-06 18:21:30,366 [Worker-37] INFO  o.e.m.c.i.embedder.EclipseLogger - Using 'UTF-8' encoding to copy filtered resources.
2015-07-06 18:21:30,366 [Worker-37] INFO  o.e.m.c.i.embedder.EclipseLogger - skip non existing resourceDirectory C:\Users\helicoptero\GitHub_Ines\Project\src\test\resources
2015-07-06 18:28:28,431 [Worker-34] INFO  o.e.m.c.i.embedder.EclipseLogger - Using 'UTF-8' encoding to copy filtered resources.
2015-07-06 18:28:28,434 [Worker-34] INFO  o.e.m.c.i.embedder.EclipseLogger - Copying 3 resources
2015-07-06 18:28:28,439 [Worker-34] INFO  o.e.m.c.i.embedder.EclipseLogger - Using 'UTF-8' encoding to copy filtered resources.
2015-07-06 18:28:28,439 [Worker-34] INFO  o.e.m.c.i.embedder.EclipseLogger - skip non existing resourceDirectory C:\Users\helicoptero\GitHub_Ines\Project\src\test\resources
2015-07-06 18:28:45,561 [Worker-35] INFO  o.e.m.c.i.embedder.EclipseLogger - Using 'UTF-8' encoding to copy filtered resources.
2015-07-06 18:28:45,563 [Worker-35] INFO  o.e.m.c.i.embedder.EclipseLogger - Copying 3 resources
2015-07-06 18:28:45,571 [Worker-35] INFO  o.e.m.c.i.embedder.EclipseLogger - Using 'UTF-8' encoding to copy filtered resources.
2015-07-06 18:28:45,571 [Worker-35] INFO  o.e.m.c.i.embedder.EclipseLogger - skip non existing resourceDirectory C:\Users\helicoptero\GitHub_Ines\Project\src\test\resources
2015-07-06 18:30:32,785 [Worker-41] INFO  o.e.m.c.i.embedder.EclipseLogger - Using 'UTF-8' encoding to copy filtered resources.
2015-07-06 18:30:32,832 [Worker-41] INFO  o.e.m.c.i.embedder.EclipseLogger - Copying 3 resources
2015-07-06 18:30:32,837 [Worker-41] INFO  o.e.m.c.i.embedder.EclipseLogger - Using 'UTF-8' encoding to copy filtered resources.
2015-07-06 18:30:32,837 [Worker-41] INFO  o.e.m.c.i.embedder.EclipseLogger - skip non existing resourceDirectory C:\Users\helicoptero\GitHub_Ines\Project\src\test\resources
2015-07-06 18:30:38,872 [Worker-39] INFO  o.e.m.c.i.embedder.EclipseLogger - Using 'UTF-8' encoding to copy filtered resources.
2015-07-06 18:30:38,874 [Worker-39] INFO  o.e.m.c.i.embedder.EclipseLogger - Copying 3 resources
2015-07-06 18:30:38,878 [Worker-39] INFO  o.e.m.c.i.embedder.EclipseLogger - Using 'UTF-8' encoding to copy filtered resources.
2015-07-06 18:30:38,879 [Worker-39] INFO  o.e.m.c.i.embedder.EclipseLogger - skip non existing resourceDirectory C:\Users\helicoptero\GitHub_Ines\Project\src\test\resources
2015-07-06 18:31:04,486 [Worker-41] INFO  o.e.m.c.i.embedder.EclipseLogger - Using 'UTF-8' encoding to copy filtered resources.
2015-07-06 18:31:04,489 [Worker-41] INFO  o.e.m.c.i.embedder.EclipseLogger - Copying 3 resources
2015-07-06 18:31:04,492 [Worker-41] INFO  o.e.m.c.i.embedder.EclipseLogger - Using 'UTF-8' encoding to copy filtered resources.
2015-07-06 18:31:04,493 [Worker-41] INFO  o.e.m.c.i.embedder.EclipseLogger - skip non existing resourceDirectory C:\Users\helicoptero\GitHub_Ines\Project\src\test\resources
2015-07-06 18:32:32,761 [Worker-41] INFO  o.e.m.c.i.embedder.EclipseLogger - Using 'UTF-8' encoding to copy filtered resources.
2015-07-06 18:32:32,763 [Worker-41] INFO  o.e.m.c.i.embedder.EclipseLogger - Copying 3 resources
2015-07-06 18:32:32,765 [Worker-41] INFO  o.e.m.c.i.embedder.EclipseLogger - Using 'UTF-8' encoding to copy filtered resources.
2015-07-06 18:32:32,765 [Worker-41] INFO  o.e.m.c.i.embedder.EclipseLogger - skip non existing resourceDirectory C:\Users\helicoptero\GitHub_Ines\Project\src\test\resources
2015-07-06 18:38:32,555 [Worker-45] INFO  o.e.m.c.i.embedder.EclipseLogger - Using 'UTF-8' encoding to copy filtered resources.
2015-07-06 18:38:32,557 [Worker-45] INFO  o.e.m.c.i.embedder.EclipseLogger - Copying 3 resources
2015-07-06 18:38:32,560 [Worker-45] INFO  o.e.m.c.i.embedder.EclipseLogger - Using 'UTF-8' encoding to copy filtered resources.
2015-07-06 18:38:32,560 [Worker-45] INFO  o.e.m.c.i.embedder.EclipseLogger - skip non existing resourceDirectory C:\Users\helicoptero\GitHub_Ines\Project\src\test\resources
2015-07-06 18:38:48,465 [Worker-45] INFO  o.e.m.c.i.embedder.EclipseLogger - Using 'UTF-8' encoding to copy filtered resources.
2015-07-06 18:38:48,470 [Worker-45] INFO  o.e.m.c.i.embedder.EclipseLogger - Copying 3 resources
2015-07-06 18:38:48,475 [Worker-45] INFO  o.e.m.c.i.embedder.EclipseLogger - Using 'UTF-8' encoding to copy filtered resources.
2015-07-06 18:38:48,476 [Worker-45] INFO  o.e.m.c.i.embedder.EclipseLogger - skip non existing resourceDirectory C:\Users\helicoptero\GitHub_Ines\Project\src\test\resources
2015-07-07 09:32:28,391 [Worker-17] INFO  o.e.m.c.i.embedder.EclipseLogger - Using 'UTF-8' encoding to copy filtered resources.
2015-07-07 09:32:28,419 [Worker-17] INFO  o.e.m.c.i.embedder.EclipseLogger - Copying 3 resources
2015-07-07 09:32:28,436 [Worker-17] INFO  o.e.m.c.i.embedder.EclipseLogger - Using 'UTF-8' encoding to copy filtered resources.
2015-07-07 09:32:28,436 [Worker-17] INFO  o.e.m.c.i.embedder.EclipseLogger - skip non existing resourceDirectory C:\Users\helicoptero\GitHub_Ines\Project\src\test\resources
2015-07-07 10:43:33,921 [Worker-15] INFO  o.e.m.c.i.embedder.EclipseLogger - Using 'UTF-8' encoding to copy filtered resources.
2015-07-07 10:43:33,951 [Worker-15] INFO  o.e.m.c.i.embedder.EclipseLogger - Copying 3 resources
2015-07-07 10:43:33,954 [Worker-15] INFO  o.e.m.c.i.embedder.EclipseLogger - Using 'UTF-8' encoding to copy filtered resources.
2015-07-07 10:43:33,955 [Worker-15] INFO  o.e.m.c.i.embedder.EclipseLogger - skip non existing resourceDirectory C:\Users\helicoptero\GitHub_Ines\Project\src\test\resources
2015-07-07 19:00:01,113 [Worker-86] INFO  o.e.m.c.i.embedder.EclipseLogger - Using 'UTF-8' encoding to copy filtered resources.
2015-07-07 19:00:01,170 [Worker-86] INFO  o.e.m.c.i.embedder.EclipseLogger - Copying 0 resource
2015-07-07 19:00:01,173 [Worker-86] INFO  o.e.m.c.i.embedder.EclipseLogger - Using 'UTF-8' encoding to copy filtered resources.
2015-07-07 19:00:01,173 [Worker-86] INFO  o.e.m.c.i.embedder.EclipseLogger - skip non existing resourceDirectory C:\Users\helicoptero\GitHub_Ines\Project\src\test\resources
2015-07-07 19:00:22,095 [Worker-93] INFO  o.e.m.c.i.embedder.EclipseLogger - Using 'UTF-8' encoding to copy filtered resources.
2015-07-07 19:00:22,095 [Worker-93] INFO  o.e.m.c.i.embedder.EclipseLogger - Copying 0 resource
2015-07-07 19:00:22,097 [Worker-93] INFO  o.e.m.c.i.embedder.EclipseLogger - Using 'UTF-8' encoding to copy filtered resources.
2015-07-07 19:00:22,097 [Worker-93] INFO  o.e.m.c.i.embedder.EclipseLogger - skip non existing resourceDirectory C:\Users\helicoptero\GitHub_Ines\Project\src\test\resources
2015-07-07 19:01:58,440 [Worker-96] INFO  o.e.m.c.i.l.LifecycleMappingFactory - Using org.maven.ide.eclipse.wtp.WarLifecycleMapping lifecycle mapping for MavenProject: org.springframework.samples.service.service:Project:0.0.1-SNAPSHOT @ C:\Users\helicoptero\GitHub_Ines\Project\pom.xml.
2015-07-07 19:02:04,435 [Worker-96] INFO  o.e.m.c.i.embedder.EclipseLogger - Using 'UTF-8' encoding to copy filtered resources.
2015-07-07 19:02:04,437 [Worker-96] INFO  o.e.m.c.i.embedder.EclipseLogger - Copying 3 resources
2015-07-07 19:02:04,454 [Worker-96] INFO  o.e.m.c.i.embedder.EclipseLogger - Using 'UTF-8' encoding to copy filtered resources.
2015-07-07 19:02:04,455 [Worker-96] INFO  o.e.m.c.i.embedder.EclipseLogger - skip non existing resourceDirectory C:\Users\helicoptero\GitHub_Ines\Project\src\test\resources
2015-07-07 19:02:08,109 [Worker-94] INFO  o.e.m.c.i.embedder.EclipseLogger - Using 'UTF-8' encoding to copy filtered resources.
2015-07-07 19:02:08,112 [Worker-94] INFO  o.e.m.c.i.embedder.EclipseLogger - Copying 3 resources
2015-07-07 19:02:08,116 [Worker-94] INFO  o.e.m.c.i.embedder.EclipseLogger - Using 'UTF-8' encoding to copy filtered resources.
2015-07-07 19:02:08,116 [Worker-94] INFO  o.e.m.c.i.embedder.EclipseLogger - skip non existing resourceDirectory C:\Users\helicoptero\GitHub_Ines\Project\src\test\resources
2015-07-07 19:02:19,785 [Worker-95] INFO  o.e.m.c.i.embedder.EclipseLogger - Using 'UTF-8' encoding to copy filtered resources.
2015-07-07 19:02:19,787 [Worker-95] INFO  o.e.m.c.i.embedder.EclipseLogger - Copying 3 resources
2015-07-07 19:02:19,790 [Worker-95] INFO  o.e.m.c.i.embedder.EclipseLogger - Using 'UTF-8' encoding to copy filtered resources.
2015-07-07 19:02:19,790 [Worker-95] INFO  o.e.m.c.i.embedder.EclipseLogger - skip non existing resourceDirectory C:\Users\helicoptero\GitHub_Ines\Project\src\test\resources
2015-07-07 19:02:36,362 [Worker-96] INFO  o.e.m.c.i.embedder.EclipseLogger - Using 'UTF-8' encoding to copy filtered resources.
2015-07-07 19:02:36,364 [Worker-96] INFO  o.e.m.c.i.embedder.EclipseLogger - Copying 3 resources
2015-07-07 19:02:36,367 [Worker-96] INFO  o.e.m.c.i.embedder.EclipseLogger - Using 'UTF-8' encoding to copy filtered resources.
2015-07-07 19:02:36,367 [Worker-96] INFO  o.e.m.c.i.embedder.EclipseLogger - skip non existing resourceDirectory C:\Users\helicoptero\GitHub_Ines\Project\src\test\resources
2015-07-07 19:02:42,172 [Worker-97] INFO  o.e.m.c.i.embedder.EclipseLogger - Using 'UTF-8' encoding to copy filtered resources.
2015-07-07 19:02:42,174 [Worker-97] INFO  o.e.m.c.i.embedder.EclipseLogger - Copying 3 resources
2015-07-07 19:02:42,178 [Worker-97] INFO  o.e.m.c.i.embedder.EclipseLogger - Using 'UTF-8' encoding to copy filtered resources.
2015-07-07 19:02:42,178 [Worker-97] INFO  o.e.m.c.i.embedder.EclipseLogger - skip non existing resourceDirectory C:\Users\helicoptero\GitHub_Ines\Project\src\test\resources
2015-07-07 19:05:31,034 [Worker-104] INFO  o.e.m.c.i.embedder.EclipseLogger - Using 'UTF-8' encoding to copy filtered resources.
2015-07-07 19:05:31,035 [Worker-104] INFO  o.e.m.c.i.embedder.EclipseLogger - Copying 3 resources
2015-07-07 19:05:31,039 [Worker-104] INFO  o.e.m.c.i.embedder.EclipseLogger - Using 'UTF-8' encoding to copy filtered resources.
2015-07-07 19:05:31,040 [Worker-104] INFO  o.e.m.c.i.embedder.EclipseLogger - skip non existing resourceDirectory C:\Users\helicoptero\GitHub_Ines\Project\src\test\resources
2015-07-07 19:17:46,422 [Worker-93] INFO  o.e.m.c.i.embedder.EclipseLogger - Using 'UTF-8' encoding to copy filtered resources.
2015-07-07 19:17:46,423 [Worker-93] INFO  o.e.m.c.i.embedder.EclipseLogger - Copying 3 resources
2015-07-07 19:17:46,428 [Worker-93] INFO  o.e.m.c.i.embedder.EclipseLogger - Using 'UTF-8' encoding to copy filtered resources.
2015-07-07 19:17:46,428 [Worker-93] INFO  o.e.m.c.i.embedder.EclipseLogger - skip non existing resourceDirectory C:\Users\helicoptero\GitHub_Ines\Project\src\test\resources
2015-07-07 19:19:43,490 [Worker-111] INFO  o.e.m.c.i.embedder.EclipseLogger - Using 'UTF-8' encoding to copy filtered resources.
2015-07-07 19:19:43,491 [Worker-111] INFO  o.e.m.c.i.embedder.EclipseLogger - Copying 3 resources
2015-07-07 19:19:43,494 [Worker-111] INFO  o.e.m.c.i.embedder.EclipseLogger - Using 'UTF-8' encoding to copy filtered resources.
2015-07-07 19:19:43,494 [Worker-111] INFO  o.e.m.c.i.embedder.EclipseLogger - skip non existing resourceDirectory C:\Users\helicoptero\GitHub_Ines\Project\src\test\resources
2015-07-07 19:35:00,818 [Worker-116] INFO  o.e.m.c.i.embedder.EclipseLogger - Using 'UTF-8' encoding to copy filtered resources.
2015-07-07 19:35:00,819 [Worker-116] INFO  o.e.m.c.i.embedder.EclipseLogger - Copying 3 resources
2015-07-07 19:35:00,822 [Worker-116] INFO  o.e.m.c.i.embedder.EclipseLogger - Using 'UTF-8' encoding to copy filtered resources.
2015-07-07 19:35:00,822 [Worker-116] INFO  o.e.m.c.i.embedder.EclipseLogger - skip non existing resourceDirectory C:\Users\helicoptero\GitHub_Ines\Project\src\test\resources
2015-07-07 19:53:06,187 [Worker-118] INFO  o.e.m.c.i.embedder.EclipseLogger - Using 'UTF-8' encoding to copy filtered resources.
2015-07-07 19:53:06,189 [Worker-118] INFO  o.e.m.c.i.embedder.EclipseLogger - Copying 3 resources
2015-07-07 19:53:06,194 [Worker-118] INFO  o.e.m.c.i.embedder.EclipseLogger - Using 'UTF-8' encoding to copy filtered resources.
2015-07-07 19:53:06,194 [Worker-118] INFO  o.e.m.c.i.embedder.EclipseLogger - skip non existing resourceDirectory C:\Users\helicoptero\GitHub_Ines\Project\src\test\resources
2015-07-07 19:58:41,834 [Worker-124] INFO  o.e.m.c.i.embedder.EclipseLogger - Using 'UTF-8' encoding to copy filtered resources.
2015-07-07 19:58:41,835 [Worker-124] INFO  o.e.m.c.i.embedder.EclipseLogger - Copying 3 resources
2015-07-07 19:58:41,837 [Worker-124] INFO  o.e.m.c.i.embedder.EclipseLogger - Using 'UTF-8' encoding to copy filtered resources.
2015-07-07 19:58:41,838 [Worker-124] INFO  o.e.m.c.i.embedder.EclipseLogger - skip non existing resourceDirectory C:\Users\helicoptero\GitHub_Ines\Project\src\test\resources
2015-07-07 19:59:34,994 [Worker-129] INFO  o.e.m.c.i.embedder.EclipseLogger - Using 'UTF-8' encoding to copy filtered resources.
2015-07-07 19:59:34,995 [Worker-129] INFO  o.e.m.c.i.embedder.EclipseLogger - Copying 3 resources
2015-07-07 19:59:34,999 [Worker-129] INFO  o.e.m.c.i.embedder.EclipseLogger - Using 'UTF-8' encoding to copy filtered resources.
2015-07-07 19:59:35,000 [Worker-129] INFO  o.e.m.c.i.embedder.EclipseLogger - skip non existing resourceDirectory C:\Users\helicoptero\GitHub_Ines\Project\src\test\resources
2015-07-07 20:01:00,848 [Worker-130] INFO  o.e.m.c.i.embedder.EclipseLogger - Using 'UTF-8' encoding to copy filtered resources.
2015-07-07 20:01:00,850 [Worker-130] INFO  o.e.m.c.i.embedder.EclipseLogger - Copying 3 resources
2015-07-07 20:01:00,853 [Worker-130] INFO  o.e.m.c.i.embedder.EclipseLogger - Using 'UTF-8' encoding to copy filtered resources.
2015-07-07 20:01:00,853 [Worker-130] INFO  o.e.m.c.i.embedder.EclipseLogger - skip non existing resourceDirectory C:\Users\helicoptero\GitHub_Ines\Project\src\test\resources
2015-07-07 20:09:06,355 [Worker-133] INFO  o.e.m.c.i.embedder.EclipseLogger - Using 'UTF-8' encoding to copy filtered resources.
2015-07-07 20:09:06,359 [Worker-133] INFO  o.e.m.c.i.embedder.EclipseLogger - Copying 3 resources
2015-07-07 20:09:06,363 [Worker-133] INFO  o.e.m.c.i.embedder.EclipseLogger - Using 'UTF-8' encoding to copy filtered resources.
2015-07-07 20:09:06,364 [Worker-133] INFO  o.e.m.c.i.embedder.EclipseLogger - skip non existing resourceDirectory C:\Users\helicoptero\GitHub_Ines\Project\src\test\resources
2015-07-07 20:31:36,962 [Worker-146] INFO  o.e.m.c.i.embedder.EclipseLogger - Using 'UTF-8' encoding to copy filtered resources.
2015-07-07 20:31:36,964 [Worker-146] INFO  o.e.m.c.i.embedder.EclipseLogger - Copying 3 resources
2015-07-07 20:31:36,971 [Worker-146] INFO  o.e.m.c.i.embedder.EclipseLogger - Using 'UTF-8' encoding to copy filtered resources.
2015-07-07 20:31:36,972 [Worker-146] INFO  o.e.m.c.i.embedder.EclipseLogger - skip non existing resourceDirectory C:\Users\helicoptero\GitHub_Ines\Project\src\test\resources
2015-07-07 20:33:46,632 [Worker-145] INFO  o.e.m.c.i.embedder.EclipseLogger - Using 'UTF-8' encoding to copy filtered resources.
2015-07-07 20:33:46,633 [Worker-145] INFO  o.e.m.c.i.embedder.EclipseLogger - Copying 3 resources
2015-07-07 20:33:46,636 [Worker-145] INFO  o.e.m.c.i.embedder.EclipseLogger - Using 'UTF-8' encoding to copy filtered resources.
2015-07-07 20:33:46,636 [Worker-145] INFO  o.e.m.c.i.embedder.EclipseLogger - skip non existing resourceDirectory C:\Users\helicoptero\GitHub_Ines\Project\src\test\resources
2015-07-07 21:38:06,204 [Worker-169] INFO  o.e.m.c.i.embedder.EclipseLogger - Using 'UTF-8' encoding to copy filtered resources.
2015-07-07 21:38:06,206 [Worker-169] INFO  o.e.m.c.i.embedder.EclipseLogger - Copying 3 resources
2015-07-07 21:38:06,208 [Worker-169] INFO  o.e.m.c.i.embedder.EclipseLogger - Using 'UTF-8' encoding to copy filtered resources.
2015-07-07 21:38:06,209 [Worker-169] INFO  o.e.m.c.i.embedder.EclipseLogger - skip non existing resourceDirectory C:\Users\helicoptero\GitHub_Ines\Project\src\test\resources
2015-07-07 22:16:03,446 [Worker-143] INFO  o.e.m.c.i.embedder.EclipseLogger - Using 'UTF-8' encoding to copy filtered resources.
2015-07-07 22:16:03,447 [Worker-143] INFO  o.e.m.c.i.embedder.EclipseLogger - Copying 3 resources
2015-07-07 22:16:03,449 [Worker-143] INFO  o.e.m.c.i.embedder.EclipseLogger - Using 'UTF-8' encoding to copy filtered resources.
2015-07-07 22:16:03,449 [Worker-143] INFO  o.e.m.c.i.embedder.EclipseLogger - skip non existing resourceDirectory C:\Users\helicoptero\GitHub_Ines\Project\src\test\resources
2015-07-07 23:01:03,825 [Worker-189] INFO  o.e.m.c.i.embedder.EclipseLogger - Using 'UTF-8' encoding to copy filtered resources.
2015-07-07 23:01:03,827 [Worker-189] INFO  o.e.m.c.i.embedder.EclipseLogger - Copying 3 resources
2015-07-07 23:01:03,829 [Worker-189] INFO  o.e.m.c.i.embedder.EclipseLogger - Using 'UTF-8' encoding to copy filtered resources.
2015-07-07 23:01:03,830 [Worker-189] INFO  o.e.m.c.i.embedder.EclipseLogger - skip non existing resourceDirectory C:\Users\helicoptero\GitHub_Ines\Project\src\test\resources
2015-07-07 23:39:16,888 [Worker-201] INFO  o.e.m.c.i.embedder.EclipseLogger - Using 'UTF-8' encoding to copy filtered resources.
2015-07-07 23:39:16,889 [Worker-201] INFO  o.e.m.c.i.embedder.EclipseLogger - Copying 3 resources
2015-07-07 23:39:16,892 [Worker-201] INFO  o.e.m.c.i.embedder.EclipseLogger - Using 'UTF-8' encoding to copy filtered resources.
2015-07-07 23:39:16,892 [Worker-201] INFO  o.e.m.c.i.embedder.EclipseLogger - skip non existing resourceDirectory C:\Users\helicoptero\GitHub_Ines\Project\src\test\resources
2015-07-07 23:44:41,810 [Worker-202] INFO  o.e.m.c.i.embedder.EclipseLogger - Using 'UTF-8' encoding to copy filtered resources.
2015-07-07 23:44:41,810 [Worker-202] INFO  o.e.m.c.i.embedder.EclipseLogger - Copying 0 resource
2015-07-07 23:44:41,812 [Worker-202] INFO  o.e.m.c.i.embedder.EclipseLogger - Using 'UTF-8' encoding to copy filtered resources.
2015-07-07 23:44:41,812 [Worker-202] INFO  o.e.m.c.i.embedder.EclipseLogger - skip non existing resourceDirectory C:\Users\helicoptero\GitHub_Ines\Project\src\test\resources
2015-07-07 23:45:01,087 [Worker-196] INFO  o.e.m.c.i.l.LifecycleMappingFactory - Using org.maven.ide.eclipse.wtp.WarLifecycleMapping lifecycle mapping for MavenProject: org.springframework.samples.service.service:Project:0.0.1-SNAPSHOT @ C:\Users\helicoptero\GitHub_Ines\Project\pom.xml.
2015-07-07 23:45:04,950 [Worker-196] INFO  o.e.m.c.i.embedder.EclipseLogger - Using 'UTF-8' encoding to copy filtered resources.
2015-07-07 23:45:04,952 [Worker-196] INFO  o.e.m.c.i.embedder.EclipseLogger - Copying 3 resources
2015-07-07 23:45:04,968 [Worker-196] INFO  o.e.m.c.i.embedder.EclipseLogger - Using 'UTF-8' encoding to copy filtered resources.
2015-07-07 23:45:04,968 [Worker-196] INFO  o.e.m.c.i.embedder.EclipseLogger - skip non existing resourceDirectory C:\Users\helicoptero\GitHub_Ines\Project\src\test\resources
2015-07-07 23:45:57,253 [Worker-202] INFO  o.e.m.c.i.embedder.EclipseLogger - Using 'UTF-8' encoding to copy filtered resources.
2015-07-07 23:45:57,254 [Worker-202] INFO  o.e.m.c.i.embedder.EclipseLogger - Copying 0 resource
2015-07-07 23:45:57,257 [Worker-202] INFO  o.e.m.c.i.embedder.EclipseLogger - Using 'UTF-8' encoding to copy filtered resources.
2015-07-07 23:45:57,257 [Worker-202] INFO  o.e.m.c.i.embedder.EclipseLogger - skip non existing resourceDirectory C:\Users\helicoptero\GitHub_Ines\Project\src\test\resources
2015-07-08 00:17:56,204 [Worker-214] INFO  o.e.m.c.i.embedder.EclipseLogger - Using 'UTF-8' encoding to copy filtered resources.
2015-07-08 00:17:56,204 [Worker-214] INFO  o.e.m.c.i.embedder.EclipseLogger - Copying 0 resource
2015-07-08 00:17:56,206 [Worker-214] INFO  o.e.m.c.i.embedder.EclipseLogger - Using 'UTF-8' encoding to copy filtered resources.
2015-07-08 00:17:56,207 [Worker-214] INFO  o.e.m.c.i.embedder.EclipseLogger - skip non existing resourceDirectory C:\Users\helicoptero\GitHub_Ines\Project\src\test\resources
2015-07-09 13:50:02,305 [Worker-11] INFO  o.e.m.w.i.f.ResourceFilteringBuildParticipant - Cleaning filtered folder for Project
2015-07-09 13:50:20,038 [Worker-13] INFO  o.e.m.c.i.l.LifecycleMappingFactory - Using org.maven.ide.eclipse.wtp.WarLifecycleMapping lifecycle mapping for MavenProject: org.springframework.samples.service.service:Project:0.0.1-SNAPSHOT @ C:\Users\helicoptero\GitHub_Ines\Project\pom.xml.
2015-07-09 13:50:24,096 [Worker-13] INFO  o.e.m.c.i.embedder.EclipseLogger - Using 'UTF-8' encoding to copy filtered resources.
2015-07-09 13:50:24,117 [Worker-13] INFO  o.e.m.c.i.embedder.EclipseLogger - Copying 3 resources
2015-07-09 13:50:24,171 [Worker-13] INFO  o.e.m.c.i.embedder.EclipseLogger - Using 'UTF-8' encoding to copy filtered resources.
2015-07-09 13:50:24,171 [Worker-13] INFO  o.e.m.c.i.embedder.EclipseLogger - skip non existing resourceDirectory C:\Users\helicoptero\GitHub_Ines\Project\src\test\resources
2015-07-09 13:50:24,173 [Worker-13] INFO  o.e.m.w.i.f.ResourceFilteringBuildParticipant - Executing resource filtering for Project
2015-07-09 13:50:24,287 [Worker-13] INFO  o.e.m.c.i.embedder.EclipseLogger - Using 'UTF-8' encoding to copy filtered resources.
2015-07-09 13:50:24,288 [Worker-13] INFO  o.e.m.c.i.embedder.EclipseLogger - Copying 2 resources to WEB-INF
2015-07-09 13:51:06,844 [Worker-13] INFO  o.e.m.c.i.embedder.EclipseLogger - Using 'UTF-8' encoding to copy filtered resources.
2015-07-09 13:51:06,874 [Worker-13] INFO  o.e.m.c.i.embedder.EclipseLogger - Copying 0 resource
2015-07-09 13:51:06,878 [Worker-13] INFO  o.e.m.c.i.embedder.EclipseLogger - Using 'UTF-8' encoding to copy filtered resources.
2015-07-09 13:51:06,878 [Worker-13] INFO  o.e.m.c.i.embedder.EclipseLogger - skip non existing resourceDirectory C:\Users\helicoptero\GitHub_Ines\Project\src\test\resources
2015-07-09 19:07:23,853 [Worker-55] INFO  o.e.m.c.i.embedder.EclipseLogger - Using 'UTF-8' encoding to copy filtered resources.
2015-07-09 19:07:24,030 [Worker-55] INFO  o.e.m.c.i.embedder.EclipseLogger - Copying 3 resources
2015-07-09 19:07:24,033 [Worker-55] INFO  o.e.m.c.i.embedder.EclipseLogger - Using 'UTF-8' encoding to copy filtered resources.
2015-07-09 19:07:24,034 [Worker-55] INFO  o.e.m.c.i.embedder.EclipseLogger - skip non existing resourceDirectory C:\Users\helicoptero\GitHub_Ines\Project\src\test\resources
2015-07-09 19:20:10,457 [Worker-2] INFO  o.e.m.w.i.f.ResourceFilteringBuildParticipant - Cleaning filtered folder for Project
2015-07-09 19:20:28,865 [Worker-3] INFO  o.e.m.c.i.l.LifecycleMappingFactory - Using org.maven.ide.eclipse.wtp.WarLifecycleMapping lifecycle mapping for MavenProject: org.springframework.samples.service.service:Project:0.0.1-SNAPSHOT @ C:\Users\helicoptero\GitHub_Ines\Project\pom.xml.
2015-07-09 19:20:33,202 [Worker-3] INFO  o.e.m.c.i.embedder.EclipseLogger - Using 'UTF-8' encoding to copy filtered resources.
2015-07-09 19:20:33,217 [Worker-3] INFO  o.e.m.c.i.embedder.EclipseLogger - Copying 3 resources
2015-07-09 19:20:33,249 [Worker-3] INFO  o.e.m.c.i.embedder.EclipseLogger - Using 'UTF-8' encoding to copy filtered resources.
2015-07-09 19:20:33,249 [Worker-3] INFO  o.e.m.c.i.embedder.EclipseLogger - skip non existing resourceDirectory C:\Users\helicoptero\GitHub_Ines\Project\src\test\resources
2015-07-09 19:20:33,249 [Worker-3] INFO  o.e.m.w.i.f.ResourceFilteringBuildParticipant - Executing resource filtering for Project
2015-07-09 19:20:33,654 [Worker-3] INFO  o.e.m.c.i.embedder.EclipseLogger - Using 'UTF-8' encoding to copy filtered resources.
2015-07-09 19:20:33,654 [Worker-3] INFO  o.e.m.c.i.embedder.EclipseLogger - Copying 2 resources to WEB-INF
2015-07-09 19:21:49,369 [Worker-1] INFO  o.e.m.c.i.embedder.EclipseLogger - Using 'UTF-8' encoding to copy filtered resources.
2015-07-09 19:21:49,400 [Worker-1] INFO  o.e.m.c.i.embedder.EclipseLogger - Copying 3 resources
2015-07-09 19:21:49,400 [Worker-1] INFO  o.e.m.c.i.embedder.EclipseLogger - Using 'UTF-8' encoding to copy filtered resources.
2015-07-09 19:21:49,400 [Worker-1] INFO  o.e.m.c.i.embedder.EclipseLogger - skip non existing resourceDirectory C:\Users\helicoptero\GitHub_Ines\Project\src\test\resources
2015-07-09 19:23:22,995 [Worker-2] INFO  o.e.m.c.i.embedder.EclipseLogger - Using 'UTF-8' encoding to copy filtered resources.
2015-07-09 19:23:22,995 [Worker-2] INFO  o.e.m.c.i.embedder.EclipseLogger - Copying 3 resources
2015-07-09 19:23:22,995 [Worker-2] INFO  o.e.m.c.i.embedder.EclipseLogger - Using 'UTF-8' encoding to copy filtered resources.
2015-07-09 19:23:22,995 [Worker-2] INFO  o.e.m.c.i.embedder.EclipseLogger - skip non existing resourceDirectory C:\Users\helicoptero\GitHub_Ines\Project\src\test\resources
2015-07-09 19:23:57,549 [Worker-12] INFO  o.e.m.c.i.embedder.EclipseLogger - Using 'UTF-8' encoding to copy filtered resources.
2015-07-09 19:23:57,549 [Worker-12] INFO  o.e.m.c.i.embedder.EclipseLogger - Copying 3 resources
2015-07-09 19:23:57,565 [Worker-12] INFO  o.e.m.c.i.embedder.EclipseLogger - Using 'UTF-8' encoding to copy filtered resources.
2015-07-09 19:23:57,565 [Worker-12] INFO  o.e.m.c.i.embedder.EclipseLogger - skip non existing resourceDirectory C:\Users\helicoptero\GitHub_Ines\Project\src\test\resources
2015-07-09 19:24:06,535 [Worker-14] INFO  o.e.m.c.i.embedder.EclipseLogger - Using 'UTF-8' encoding to copy filtered resources.
2015-07-09 19:24:06,535 [Worker-14] INFO  o.e.m.c.i.embedder.EclipseLogger - Copying 3 resources
2015-07-09 19:24:06,535 [Worker-14] INFO  o.e.m.c.i.embedder.EclipseLogger - Using 'UTF-8' encoding to copy filtered resources.
2015-07-09 19:24:06,535 [Worker-14] INFO  o.e.m.c.i.embedder.EclipseLogger - skip non existing resourceDirectory C:\Users\helicoptero\GitHub_Ines\Project\src\test\resources
2015-07-09 19:25:10,916 [Worker-1] INFO  o.e.m.c.i.embedder.EclipseLogger - Using 'UTF-8' encoding to copy filtered resources.
2015-07-09 19:25:10,916 [Worker-1] INFO  o.e.m.c.i.embedder.EclipseLogger - Copying 3 resources
2015-07-09 19:25:10,916 [Worker-1] INFO  o.e.m.c.i.embedder.EclipseLogger - Using 'UTF-8' encoding to copy filtered resources.
2015-07-09 19:25:10,916 [Worker-1] INFO  o.e.m.c.i.embedder.EclipseLogger - skip non existing resourceDirectory C:\Users\helicoptero\GitHub_Ines\Project\src\test\resources
2015-07-09 19:28:38,505 [Worker-6] INFO  o.e.m.c.i.embedder.EclipseLogger - Using 'UTF-8' encoding to copy filtered resources.
2015-07-09 19:28:38,505 [Worker-6] INFO  o.e.m.c.i.embedder.EclipseLogger - Copying 3 resources
2015-07-09 19:28:38,505 [Worker-6] INFO  o.e.m.c.i.embedder.EclipseLogger - Using 'UTF-8' encoding to copy filtered resources.
2015-07-09 19:28:38,505 [Worker-6] INFO  o.e.m.c.i.embedder.EclipseLogger - skip non existing resourceDirectory C:\Users\helicoptero\GitHub_Ines\Project\src\test\resources
2015-07-09 19:39:55,300 [Worker-17] INFO  o.e.m.c.i.embedder.EclipseLogger - Using 'UTF-8' encoding to copy filtered resources.
2015-07-09 19:39:55,301 [Worker-17] INFO  o.e.m.c.i.embedder.EclipseLogger - Copying 0 resource
2015-07-09 19:39:55,306 [Worker-17] INFO  o.e.m.c.i.embedder.EclipseLogger - Using 'UTF-8' encoding to copy filtered resources.
2015-07-09 19:39:55,306 [Worker-17] INFO  o.e.m.c.i.embedder.EclipseLogger - skip non existing resourceDirectory C:\Users\helicoptero\GitHub_Ines\Project\src\test\resources
2015-07-09 19:48:12,123 [Worker-24] INFO  o.e.m.c.i.embedder.EclipseLogger - Using 'UTF-8' encoding to copy filtered resources.
2015-07-09 19:48:12,124 [Worker-24] INFO  o.e.m.c.i.embedder.EclipseLogger - Copying 3 resources
2015-07-09 19:48:12,127 [Worker-24] INFO  o.e.m.c.i.embedder.EclipseLogger - Using 'UTF-8' encoding to copy filtered resources.
2015-07-09 19:48:12,127 [Worker-24] INFO  o.e.m.c.i.embedder.EclipseLogger - skip non existing resourceDirectory C:\Users\helicoptero\GitHub_Ines\Project\src\test\resources
2015-07-09 19:48:28,404 [Worker-20] INFO  o.e.m.c.i.embedder.EclipseLogger - Using 'UTF-8' encoding to copy filtered resources.
2015-07-09 19:48:28,404 [Worker-20] INFO  o.e.m.c.i.embedder.EclipseLogger - Copying 0 resource
2015-07-09 19:48:28,406 [Worker-20] INFO  o.e.m.c.i.embedder.EclipseLogger - Using 'UTF-8' encoding to copy filtered resources.
2015-07-09 19:48:28,406 [Worker-20] INFO  o.e.m.c.i.embedder.EclipseLogger - skip non existing resourceDirectory C:\Users\helicoptero\GitHub_Ines\Project\src\test\resources
2015-07-09 20:23:11,640 [Worker-34] INFO  o.e.m.c.i.l.LifecycleMappingFactory - Using org.maven.ide.eclipse.wtp.WarLifecycleMapping lifecycle mapping for MavenProject: org.springframework.samples.service.service:Project:0.0.1-SNAPSHOT @ C:\Users\helicoptero\GitHub_Ines\Project\pom.xml.
2015-07-09 20:23:13,145 [Worker-34] INFO  o.e.m.c.i.embedder.EclipseLogger - Using 'UTF-8' encoding to copy filtered resources.
2015-07-09 20:23:13,147 [Worker-34] INFO  o.e.m.c.i.embedder.EclipseLogger - Copying 3 resources
2015-07-09 20:23:13,149 [Worker-34] INFO  o.e.m.c.i.embedder.EclipseLogger - Using 'UTF-8' encoding to copy filtered resources.
2015-07-09 20:23:13,150 [Worker-34] INFO  o.e.m.c.i.embedder.EclipseLogger - skip non existing resourceDirectory C:\Users\helicoptero\GitHub_Ines\Project\src\test\resources
2015-07-09 20:23:13,150 [Worker-34] INFO  o.e.m.w.i.f.ResourceFilteringBuildParticipant - Changed resources require a complete clean of filtered resources of Project
2015-07-09 20:23:13,152 [Worker-34] INFO  o.e.m.w.i.f.ResourceFilteringBuildParticipant - Executing resource filtering for Project
2015-07-09 20:23:13,162 [Worker-34] INFO  o.e.m.c.i.embedder.EclipseLogger - Using 'UTF-8' encoding to copy filtered resources.
2015-07-09 20:23:13,163 [Worker-34] INFO  o.e.m.c.i.embedder.EclipseLogger - Copying 2 resources to WEB-INF
2015-07-09 20:23:20,231 [Worker-35] INFO  o.e.m.c.i.embedder.EclipseLogger - Using 'UTF-8' encoding to copy filtered resources.
2015-07-09 20:23:20,234 [Worker-35] INFO  o.e.m.c.i.embedder.EclipseLogger - Copying 3 resources
2015-07-09 20:23:20,242 [Worker-35] INFO  o.e.m.c.i.embedder.EclipseLogger - Using 'UTF-8' encoding to copy filtered resources.
2015-07-09 20:23:20,243 [Worker-35] INFO  o.e.m.c.i.embedder.EclipseLogger - skip non existing resourceDirectory C:\Users\helicoptero\GitHub_Ines\Project\src\test\resources
2015-07-09 20:24:22,469 [Worker-40] INFO  o.e.m.c.i.embedder.EclipseLogger - Using 'UTF-8' encoding to copy filtered resources.
2015-07-09 20:24:22,470 [Worker-40] INFO  o.e.m.c.i.embedder.EclipseLogger - Copying 3 resources
2015-07-09 20:24:22,473 [Worker-40] INFO  o.e.m.c.i.embedder.EclipseLogger - Using 'UTF-8' encoding to copy filtered resources.
2015-07-09 20:24:22,473 [Worker-40] INFO  o.e.m.c.i.embedder.EclipseLogger - skip non existing resourceDirectory C:\Users\helicoptero\GitHub_Ines\Project\src\test\resources
2015-07-09 20:27:56,540 [Worker-47] INFO  o.e.m.c.i.embedder.EclipseLogger - Using 'UTF-8' encoding to copy filtered resources.
2015-07-09 20:27:56,542 [Worker-47] INFO  o.e.m.c.i.embedder.EclipseLogger - Copying 3 resources
2015-07-09 20:27:56,545 [Worker-47] INFO  o.e.m.c.i.embedder.EclipseLogger - Using 'UTF-8' encoding to copy filtered resources.
2015-07-09 20:27:56,545 [Worker-47] INFO  o.e.m.c.i.embedder.EclipseLogger - skip non existing resourceDirectory C:\Users\helicoptero\GitHub_Ines\Project\src\test\resources
2015-07-09 20:31:40,710 [Worker-52] INFO  o.e.m.c.i.embedder.EclipseLogger - Using 'UTF-8' encoding to copy filtered resources.
2015-07-09 20:31:40,711 [Worker-52] INFO  o.e.m.c.i.embedder.EclipseLogger - Copying 0 resource
2015-07-09 20:31:40,713 [Worker-52] INFO  o.e.m.c.i.embedder.EclipseLogger - Using 'UTF-8' encoding to copy filtered resources.
2015-07-09 20:31:40,714 [Worker-52] INFO  o.e.m.c.i.embedder.EclipseLogger - skip non existing resourceDirectory C:\Users\helicoptero\GitHub_Ines\Project\src\test\resources
2015-07-09 20:32:17,308 [Worker-49] INFO  o.e.m.c.i.embedder.EclipseLogger - Using 'UTF-8' encoding to copy filtered resources.
2015-07-09 20:32:17,309 [Worker-49] INFO  o.e.m.c.i.embedder.EclipseLogger - Copying 0 resource
2015-07-09 20:32:17,311 [Worker-49] INFO  o.e.m.c.i.embedder.EclipseLogger - Using 'UTF-8' encoding to copy filtered resources.
2015-07-09 20:32:17,311 [Worker-49] INFO  o.e.m.c.i.embedder.EclipseLogger - skip non existing resourceDirectory C:\Users\helicoptero\GitHub_Ines\Project\src\test\resources
2015-07-09 20:35:43,514 [Worker-53] INFO  o.e.m.c.i.embedder.EclipseLogger - Using 'UTF-8' encoding to copy filtered resources.
2015-07-09 20:35:43,516 [Worker-53] INFO  o.e.m.c.i.embedder.EclipseLogger - Copying 3 resources
2015-07-09 20:35:43,518 [Worker-53] INFO  o.e.m.c.i.embedder.EclipseLogger - Using 'UTF-8' encoding to copy filtered resources.
2015-07-09 20:35:43,519 [Worker-53] INFO  o.e.m.c.i.embedder.EclipseLogger - skip non existing resourceDirectory C:\Users\helicoptero\GitHub_Ines\Project\src\test\resources
2015-07-09 20:36:47,982 [Worker-49] INFO  o.e.m.c.i.embedder.EclipseLogger - Using 'UTF-8' encoding to copy filtered resources.
2015-07-09 20:36:47,983 [Worker-49] INFO  o.e.m.c.i.embedder.EclipseLogger - Copying 0 resource
2015-07-09 20:36:47,985 [Worker-49] INFO  o.e.m.c.i.embedder.EclipseLogger - Using 'UTF-8' encoding to copy filtered resources.
2015-07-09 20:36:47,985 [Worker-49] INFO  o.e.m.c.i.embedder.EclipseLogger - skip non existing resourceDirectory C:\Users\helicoptero\GitHub_Ines\Project\src\test\resources
2015-07-09 20:38:00,873 [Worker-40] INFO  o.e.m.c.i.embedder.EclipseLogger - Using 'UTF-8' encoding to copy filtered resources.
2015-07-09 20:38:00,874 [Worker-40] INFO  o.e.m.c.i.embedder.EclipseLogger - Copying 0 resource
2015-07-09 20:38:00,877 [Worker-40] INFO  o.e.m.c.i.embedder.EclipseLogger - Using 'UTF-8' encoding to copy filtered resources.
2015-07-09 20:38:00,877 [Worker-40] INFO  o.e.m.c.i.embedder.EclipseLogger - skip non existing resourceDirectory C:\Users\helicoptero\GitHub_Ines\Project\src\test\resources
2015-07-09 20:38:34,082 [Worker-56] INFO  o.e.m.c.i.embedder.EclipseLogger - Using 'UTF-8' encoding to copy filtered resources.
2015-07-09 20:38:34,082 [Worker-56] INFO  o.e.m.c.i.embedder.EclipseLogger - Copying 0 resource
2015-07-09 20:38:34,084 [Worker-56] INFO  o.e.m.c.i.embedder.EclipseLogger - Using 'UTF-8' encoding to copy filtered resources.
2015-07-09 20:38:34,084 [Worker-56] INFO  o.e.m.c.i.embedder.EclipseLogger - skip non existing resourceDirectory C:\Users\helicoptero\GitHub_Ines\Project\src\test\resources
2015-07-09 20:41:58,379 [Worker-52] INFO  o.e.m.c.i.embedder.EclipseLogger - Using 'UTF-8' encoding to copy filtered resources.
2015-07-09 20:41:58,380 [Worker-52] INFO  o.e.m.c.i.embedder.EclipseLogger - Copying 0 resource
2015-07-09 20:41:58,382 [Worker-52] INFO  o.e.m.c.i.embedder.EclipseLogger - Using 'UTF-8' encoding to copy filtered resources.
2015-07-09 20:41:58,383 [Worker-52] INFO  o.e.m.c.i.embedder.EclipseLogger - skip non existing resourceDirectory C:\Users\helicoptero\GitHub_Ines\Project\src\test\resources
2015-07-09 20:42:22,768 [Worker-60] INFO  o.e.m.c.i.embedder.EclipseLogger - Using 'UTF-8' encoding to copy filtered resources.
2015-07-09 20:42:22,769 [Worker-60] INFO  o.e.m.c.i.embedder.EclipseLogger - Copying 0 resource
2015-07-09 20:42:22,770 [Worker-60] INFO  o.e.m.c.i.embedder.EclipseLogger - Using 'UTF-8' encoding to copy filtered resources.
2015-07-09 20:42:22,770 [Worker-60] INFO  o.e.m.c.i.embedder.EclipseLogger - skip non existing resourceDirectory C:\Users\helicoptero\GitHub_Ines\Project\src\test\resources
2015-07-09 20:45:20,090 [Worker-53] INFO  o.e.m.c.i.embedder.EclipseLogger - Using 'UTF-8' encoding to copy filtered resources.
2015-07-09 20:45:20,090 [Worker-53] INFO  o.e.m.c.i.embedder.EclipseLogger - Copying 0 resource
2015-07-09 20:45:20,092 [Worker-53] INFO  o.e.m.c.i.embedder.EclipseLogger - Using 'UTF-8' encoding to copy filtered resources.
2015-07-09 20:45:20,092 [Worker-53] INFO  o.e.m.c.i.embedder.EclipseLogger - skip non existing resourceDirectory C:\Users\helicoptero\GitHub_Ines\Project\src\test\resources
2015-07-09 20:46:12,029 [Worker-65] INFO  o.e.m.c.i.embedder.EclipseLogger - Using 'UTF-8' encoding to copy filtered resources.
2015-07-09 20:46:12,029 [Worker-65] INFO  o.e.m.c.i.embedder.EclipseLogger - Copying 0 resource
2015-07-09 20:46:12,031 [Worker-65] INFO  o.e.m.c.i.embedder.EclipseLogger - Using 'UTF-8' encoding to copy filtered resources.
2015-07-09 20:46:12,031 [Worker-65] INFO  o.e.m.c.i.embedder.EclipseLogger - skip non existing resourceDirectory C:\Users\helicoptero\GitHub_Ines\Project\src\test\resources
2015-07-09 20:47:38,444 [Worker-49] INFO  o.e.m.c.i.embedder.EclipseLogger - Using 'UTF-8' encoding to copy filtered resources.
2015-07-09 20:47:38,445 [Worker-49] INFO  o.e.m.c.i.embedder.EclipseLogger - Copying 0 resource
2015-07-09 20:47:38,446 [Worker-49] INFO  o.e.m.c.i.embedder.EclipseLogger - Using 'UTF-8' encoding to copy filtered resources.
2015-07-09 20:47:38,446 [Worker-49] INFO  o.e.m.c.i.embedder.EclipseLogger - skip non existing resourceDirectory C:\Users\helicoptero\GitHub_Ines\Project\src\test\resources
2015-07-09 20:52:34,468 [Worker-49] INFO  o.e.m.c.i.embedder.EclipseLogger - Using 'UTF-8' encoding to copy filtered resources.
2015-07-09 20:52:34,468 [Worker-49] INFO  o.e.m.c.i.embedder.EclipseLogger - Copying 0 resource
2015-07-09 20:52:34,470 [Worker-49] INFO  o.e.m.c.i.embedder.EclipseLogger - Using 'UTF-8' encoding to copy filtered resources.
2015-07-09 20:52:34,471 [Worker-49] INFO  o.e.m.c.i.embedder.EclipseLogger - skip non existing resourceDirectory C:\Users\helicoptero\GitHub_Ines\Project\src\test\resources
2015-07-09 20:53:06,098 [Worker-70] INFO  o.e.m.c.i.embedder.EclipseLogger - Using 'UTF-8' encoding to copy filtered resources.
2015-07-09 20:53:06,098 [Worker-70] INFO  o.e.m.c.i.embedder.EclipseLogger - Copying 0 resource
2015-07-09 20:53:06,100 [Worker-70] INFO  o.e.m.c.i.embedder.EclipseLogger - Using 'UTF-8' encoding to copy filtered resources.
2015-07-09 20:53:06,100 [Worker-70] INFO  o.e.m.c.i.embedder.EclipseLogger - skip non existing resourceDirectory C:\Users\helicoptero\GitHub_Ines\Project\src\test\resources
2015-07-09 20:56:10,604 [Worker-69] INFO  o.e.m.c.i.embedder.EclipseLogger - Using 'UTF-8' encoding to copy filtered resources.
2015-07-09 20:56:10,604 [Worker-69] INFO  o.e.m.c.i.embedder.EclipseLogger - Copying 0 resource
2015-07-09 20:56:10,606 [Worker-69] INFO  o.e.m.c.i.embedder.EclipseLogger - Using 'UTF-8' encoding to copy filtered resources.
2015-07-09 20:56:10,606 [Worker-69] INFO  o.e.m.c.i.embedder.EclipseLogger - skip non existing resourceDirectory C:\Users\helicoptero\GitHub_Ines\Project\src\test\resources
2015-07-09 20:56:49,600 [Worker-74] INFO  o.e.m.c.i.embedder.EclipseLogger - Using 'UTF-8' encoding to copy filtered resources.
2015-07-09 20:56:49,601 [Worker-74] INFO  o.e.m.c.i.embedder.EclipseLogger - Copying 0 resource
2015-07-09 20:56:49,604 [Worker-74] INFO  o.e.m.c.i.embedder.EclipseLogger - Using 'UTF-8' encoding to copy filtered resources.
2015-07-09 20:56:49,604 [Worker-74] INFO  o.e.m.c.i.embedder.EclipseLogger - skip non existing resourceDirectory C:\Users\helicoptero\GitHub_Ines\Project\src\test\resources
2015-07-09 20:57:17,460 [Worker-70] INFO  o.e.m.c.i.embedder.EclipseLogger - Using 'UTF-8' encoding to copy filtered resources.
2015-07-09 20:57:17,461 [Worker-70] INFO  o.e.m.c.i.embedder.EclipseLogger - Copying 0 resource
2015-07-09 20:57:17,462 [Worker-70] INFO  o.e.m.c.i.embedder.EclipseLogger - Using 'UTF-8' encoding to copy filtered resources.
2015-07-09 20:57:17,462 [Worker-70] INFO  o.e.m.c.i.embedder.EclipseLogger - skip non existing resourceDirectory C:\Users\helicoptero\GitHub_Ines\Project\src\test\resources
2015-07-09 21:27:35,116 [Worker-79] INFO  o.e.m.c.i.embedder.EclipseLogger - Using 'UTF-8' encoding to copy filtered resources.
2015-07-09 21:27:35,116 [Worker-79] INFO  o.e.m.c.i.embedder.EclipseLogger - Copying 0 resource
2015-07-09 21:27:35,118 [Worker-79] INFO  o.e.m.c.i.embedder.EclipseLogger - Using 'UTF-8' encoding to copy filtered resources.
2015-07-09 21:27:35,118 [Worker-79] INFO  o.e.m.c.i.embedder.EclipseLogger - skip non existing resourceDirectory C:\Users\helicoptero\GitHub_Ines\Project\src\test\resources
2015-07-09 21:30:19,386 [Worker-81] INFO  o.e.m.c.i.embedder.EclipseLogger - Using 'UTF-8' encoding to copy filtered resources.
2015-07-09 21:30:19,388 [Worker-81] INFO  o.e.m.c.i.embedder.EclipseLogger - Copying 3 resources
2015-07-09 21:30:19,391 [Worker-81] INFO  o.e.m.c.i.embedder.EclipseLogger - Using 'UTF-8' encoding to copy filtered resources.
2015-07-09 21:30:19,391 [Worker-81] INFO  o.e.m.c.i.embedder.EclipseLogger - skip non existing resourceDirectory C:\Users\helicoptero\GitHub_Ines\Project\src\test\resources
2015-07-09 21:30:25,985 [Worker-82] INFO  o.e.m.c.i.embedder.EclipseLogger - Using 'UTF-8' encoding to copy filtered resources.
2015-07-09 21:30:25,986 [Worker-82] INFO  o.e.m.c.i.embedder.EclipseLogger - Copying 3 resources
2015-07-09 21:30:25,990 [Worker-82] INFO  o.e.m.c.i.embedder.EclipseLogger - Using 'UTF-8' encoding to copy filtered resources.
2015-07-09 21:30:25,991 [Worker-82] INFO  o.e.m.c.i.embedder.EclipseLogger - skip non existing resourceDirectory C:\Users\helicoptero\GitHub_Ines\Project\src\test\resources
2015-07-09 21:30:54,300 [Worker-79] INFO  o.e.m.c.i.embedder.EclipseLogger - Using 'UTF-8' encoding to copy filtered resources.
2015-07-09 21:30:54,302 [Worker-79] INFO  o.e.m.c.i.embedder.EclipseLogger - Copying 3 resources
2015-07-09 21:30:54,306 [Worker-79] INFO  o.e.m.c.i.embedder.EclipseLogger - Using 'UTF-8' encoding to copy filtered resources.
2015-07-09 21:30:54,306 [Worker-79] INFO  o.e.m.c.i.embedder.EclipseLogger - skip non existing resourceDirectory C:\Users\helicoptero\GitHub_Ines\Project\src\test\resources
2015-07-09 21:37:21,178 [Worker-81] INFO  o.e.m.c.i.embedder.EclipseLogger - Using 'UTF-8' encoding to copy filtered resources.
2015-07-09 21:37:21,179 [Worker-81] INFO  o.e.m.c.i.embedder.EclipseLogger - Copying 0 resource
2015-07-09 21:37:21,181 [Worker-81] INFO  o.e.m.c.i.embedder.EclipseLogger - Using 'UTF-8' encoding to copy filtered resources.
2015-07-09 21:37:21,181 [Worker-81] INFO  o.e.m.c.i.embedder.EclipseLogger - skip non existing resourceDirectory C:\Users\helicoptero\GitHub_Ines\Project\src\test\resources
2015-07-09 21:37:32,628 [Worker-84] INFO  o.e.m.c.i.embedder.EclipseLogger - Using 'UTF-8' encoding to copy filtered resources.
2015-07-09 21:37:32,628 [Worker-84] INFO  o.e.m.c.i.embedder.EclipseLogger - Copying 0 resource
2015-07-09 21:37:32,630 [Worker-84] INFO  o.e.m.c.i.embedder.EclipseLogger - Using 'UTF-8' encoding to copy filtered resources.
2015-07-09 21:37:32,630 [Worker-84] INFO  o.e.m.c.i.embedder.EclipseLogger - skip non existing resourceDirectory C:\Users\helicoptero\GitHub_Ines\Project\src\test\resources
2015-07-09 21:37:55,727 [Worker-82] INFO  o.e.m.c.i.embedder.EclipseLogger - Using 'UTF-8' encoding to copy filtered resources.
2015-07-09 21:37:55,727 [Worker-82] INFO  o.e.m.c.i.embedder.EclipseLogger - Copying 0 resource
2015-07-09 21:37:55,729 [Worker-82] INFO  o.e.m.c.i.embedder.EclipseLogger - Using 'UTF-8' encoding to copy filtered resources.
2015-07-09 21:37:55,729 [Worker-82] INFO  o.e.m.c.i.embedder.EclipseLogger - skip non existing resourceDirectory C:\Users\helicoptero\GitHub_Ines\Project\src\test\resources
2015-07-09 21:43:57,189 [Worker-84] INFO  o.e.m.c.i.embedder.EclipseLogger - Using 'UTF-8' encoding to copy filtered resources.
2015-07-09 21:43:57,189 [Worker-84] INFO  o.e.m.c.i.embedder.EclipseLogger - Copying 0 resource
2015-07-09 21:43:57,192 [Worker-84] INFO  o.e.m.c.i.embedder.EclipseLogger - Using 'UTF-8' encoding to copy filtered resources.
2015-07-09 21:43:57,192 [Worker-84] INFO  o.e.m.c.i.embedder.EclipseLogger - skip non existing resourceDirectory C:\Users\helicoptero\GitHub_Ines\Project\src\test\resources
2015-07-09 21:44:05,538 [Worker-86] INFO  o.e.m.c.i.embedder.EclipseLogger - Using 'UTF-8' encoding to copy filtered resources.
2015-07-09 21:44:05,538 [Worker-86] INFO  o.e.m.c.i.embedder.EclipseLogger - Copying 0 resource
2015-07-09 21:44:05,540 [Worker-86] INFO  o.e.m.c.i.embedder.EclipseLogger - Using 'UTF-8' encoding to copy filtered resources.
2015-07-09 21:44:05,540 [Worker-86] INFO  o.e.m.c.i.embedder.EclipseLogger - skip non existing resourceDirectory C:\Users\helicoptero\GitHub_Ines\Project\src\test\resources
2015-07-09 21:47:33,098 [Worker-84] INFO  o.e.m.c.i.embedder.EclipseLogger - Using 'UTF-8' encoding to copy filtered resources.
2015-07-09 21:47:33,098 [Worker-84] INFO  o.e.m.c.i.embedder.EclipseLogger - Copying 0 resource
2015-07-09 21:47:33,100 [Worker-84] INFO  o.e.m.c.i.embedder.EclipseLogger - Using 'UTF-8' encoding to copy filtered resources.
2015-07-09 21:47:33,100 [Worker-84] INFO  o.e.m.c.i.embedder.EclipseLogger - skip non existing resourceDirectory C:\Users\helicoptero\GitHub_Ines\Project\src\test\resources
2015-07-09 21:48:10,305 [Worker-80] INFO  o.e.m.c.i.embedder.EclipseLogger - Using 'UTF-8' encoding to copy filtered resources.
2015-07-09 21:48:10,306 [Worker-80] INFO  o.e.m.c.i.embedder.EclipseLogger - Copying 0 resource
2015-07-09 21:48:10,307 [Worker-80] INFO  o.e.m.c.i.embedder.EclipseLogger - Using 'UTF-8' encoding to copy filtered resources.
2015-07-09 21:48:10,308 [Worker-80] INFO  o.e.m.c.i.embedder.EclipseLogger - skip non existing resourceDirectory C:\Users\helicoptero\GitHub_Ines\Project\src\test\resources
2015-07-09 21:51:49,873 [Worker-80] INFO  o.e.m.c.i.embedder.EclipseLogger - Using 'UTF-8' encoding to copy filtered resources.
2015-07-09 21:51:49,874 [Worker-80] INFO  o.e.m.c.i.embedder.EclipseLogger - Copying 0 resource
2015-07-09 21:51:49,875 [Worker-80] INFO  o.e.m.c.i.embedder.EclipseLogger - Using 'UTF-8' encoding to copy filtered resources.
2015-07-09 21:51:49,876 [Worker-80] INFO  o.e.m.c.i.embedder.EclipseLogger - skip non existing resourceDirectory C:\Users\helicoptero\GitHub_Ines\Project\src\test\resources
2015-07-09 22:00:33,583 [Worker-88] INFO  o.e.m.c.i.embedder.EclipseLogger - Using 'UTF-8' encoding to copy filtered resources.
2015-07-09 22:00:33,584 [Worker-88] INFO  o.e.m.c.i.embedder.EclipseLogger - Copying 3 resources
2015-07-09 22:00:33,586 [Worker-88] INFO  o.e.m.c.i.embedder.EclipseLogger - Using 'UTF-8' encoding to copy filtered resources.
2015-07-09 22:00:33,586 [Worker-88] INFO  o.e.m.c.i.embedder.EclipseLogger - skip non existing resourceDirectory C:\Users\helicoptero\GitHub_Ines\Project\src\test\resources
2015-07-09 22:02:02,566 [Worker-92] INFO  o.e.m.c.i.embedder.EclipseLogger - Using 'UTF-8' encoding to copy filtered resources.
2015-07-09 22:02:02,566 [Worker-92] INFO  o.e.m.c.i.embedder.EclipseLogger - Copying 0 resource
2015-07-09 22:02:02,568 [Worker-92] INFO  o.e.m.c.i.embedder.EclipseLogger - Using 'UTF-8' encoding to copy filtered resources.
2015-07-09 22:02:02,568 [Worker-92] INFO  o.e.m.c.i.embedder.EclipseLogger - skip non existing resourceDirectory C:\Users\helicoptero\GitHub_Ines\Project\src\test\resources
2015-07-09 22:03:26,430 [Worker-97] INFO  o.e.m.c.i.embedder.EclipseLogger - Using 'UTF-8' encoding to copy filtered resources.
2015-07-09 22:03:26,430 [Worker-97] INFO  o.e.m.c.i.embedder.EclipseLogger - Copying 0 resource
2015-07-09 22:03:26,432 [Worker-97] INFO  o.e.m.c.i.embedder.EclipseLogger - Using 'UTF-8' encoding to copy filtered resources.
2015-07-09 22:03:26,432 [Worker-97] INFO  o.e.m.c.i.embedder.EclipseLogger - skip non existing resourceDirectory C:\Users\helicoptero\GitHub_Ines\Project\src\test\resources
2015-07-09 22:03:37,698 [Worker-98] INFO  o.e.m.c.i.embedder.EclipseLogger - Using 'UTF-8' encoding to copy filtered resources.
2015-07-09 22:03:37,698 [Worker-98] INFO  o.e.m.c.i.embedder.EclipseLogger - Copying 0 resource
2015-07-09 22:03:37,700 [Worker-98] INFO  o.e.m.c.i.embedder.EclipseLogger - Using 'UTF-8' encoding to copy filtered resources.
2015-07-09 22:03:37,701 [Worker-98] INFO  o.e.m.c.i.embedder.EclipseLogger - skip non existing resourceDirectory C:\Users\helicoptero\GitHub_Ines\Project\src\test\resources
2015-07-09 22:04:32,076 [Worker-93] INFO  o.e.m.c.i.embedder.EclipseLogger - Using 'UTF-8' encoding to copy filtered resources.
2015-07-09 22:04:32,076 [Worker-93] INFO  o.e.m.c.i.embedder.EclipseLogger - Copying 0 resource
2015-07-09 22:04:32,079 [Worker-93] INFO  o.e.m.c.i.embedder.EclipseLogger - Using 'UTF-8' encoding to copy filtered resources.
2015-07-09 22:04:32,080 [Worker-93] INFO  o.e.m.c.i.embedder.EclipseLogger - skip non existing resourceDirectory C:\Users\helicoptero\GitHub_Ines\Project\src\test\resources
2015-07-10 02:34:14,040 [Worker-109] INFO  o.e.m.c.i.embedder.EclipseLogger - Using 'UTF-8' encoding to copy filtered resources.
2015-07-10 02:34:14,040 [Worker-109] INFO  o.e.m.c.i.embedder.EclipseLogger - Copying 3 resources
2015-07-10 02:34:14,040 [Worker-109] INFO  o.e.m.c.i.embedder.EclipseLogger - Using 'UTF-8' encoding to copy filtered resources.
2015-07-10 02:34:14,040 [Worker-109] INFO  o.e.m.c.i.embedder.EclipseLogger - skip non existing resourceDirectory C:\Users\helicoptero\GitHub_Ines\Project\src\test\resources
2015-07-10 02:35:31,545 [Worker-106] INFO  o.e.m.c.i.embedder.EclipseLogger - Using 'UTF-8' encoding to copy filtered resources.
2015-07-10 02:35:31,545 [Worker-106] INFO  o.e.m.c.i.embedder.EclipseLogger - Copying 3 resources
2015-07-10 02:35:31,561 [Worker-106] INFO  o.e.m.c.i.embedder.EclipseLogger - Using 'UTF-8' encoding to copy filtered resources.
2015-07-10 02:35:31,561 [Worker-106] INFO  o.e.m.c.i.embedder.EclipseLogger - skip non existing resourceDirectory C:\Users\helicoptero\GitHub_Ines\Project\src\test\resources
2015-07-10 03:11:04,095 [Worker-109] INFO  o.e.m.c.i.embedder.EclipseLogger - Using 'UTF-8' encoding to copy filtered resources.
2015-07-10 03:11:04,096 [Worker-109] INFO  o.e.m.c.i.embedder.EclipseLogger - Copying 3 resources
2015-07-10 03:11:04,099 [Worker-109] INFO  o.e.m.c.i.embedder.EclipseLogger - Using 'UTF-8' encoding to copy filtered resources.
2015-07-10 03:11:04,100 [Worker-109] INFO  o.e.m.c.i.embedder.EclipseLogger - skip non existing resourceDirectory C:\Users\helicoptero\GitHub_Ines\Project\src\test\resources
2015-07-10 03:11:44,190 [Worker-119] INFO  o.e.m.c.i.embedder.EclipseLogger - Using 'UTF-8' encoding to copy filtered resources.
2015-07-10 03:11:44,191 [Worker-119] INFO  o.e.m.c.i.embedder.EclipseLogger - Copying 0 resource
2015-07-10 03:11:44,193 [Worker-119] INFO  o.e.m.c.i.embedder.EclipseLogger - Using 'UTF-8' encoding to copy filtered resources.
2015-07-10 03:11:44,193 [Worker-119] INFO  o.e.m.c.i.embedder.EclipseLogger - skip non existing resourceDirectory C:\Users\helicoptero\GitHub_Ines\Project\src\test\resources
2015-07-10 03:16:55,015 [Worker-125] INFO  o.e.m.c.i.embedder.EclipseLogger - Using 'UTF-8' encoding to copy filtered resources.
2015-07-10 03:16:55,016 [Worker-125] INFO  o.e.m.c.i.embedder.EclipseLogger - Copying 3 resources
2015-07-10 03:16:55,019 [Worker-125] INFO  o.e.m.c.i.embedder.EclipseLogger - Using 'UTF-8' encoding to copy filtered resources.
2015-07-10 03:16:55,019 [Worker-125] INFO  o.e.m.c.i.embedder.EclipseLogger - skip non existing resourceDirectory C:\Users\helicoptero\GitHub_Ines\Project\src\test\resources
2015-07-10 03:19:06,578 [Worker-125] INFO  o.e.m.c.i.embedder.EclipseLogger - Using 'UTF-8' encoding to copy filtered resources.
2015-07-10 03:19:06,579 [Worker-125] INFO  o.e.m.c.i.embedder.EclipseLogger - Copying 3 resources
2015-07-10 03:19:06,582 [Worker-125] INFO  o.e.m.c.i.embedder.EclipseLogger - Using 'UTF-8' encoding to copy filtered resources.
2015-07-10 03:19:06,582 [Worker-125] INFO  o.e.m.c.i.embedder.EclipseLogger - skip non existing resourceDirectory C:\Users\helicoptero\GitHub_Ines\Project\src\test\resources
2015-07-10 03:24:20,193 [Worker-129] INFO  o.e.m.c.i.embedder.EclipseLogger - Using 'UTF-8' encoding to copy filtered resources.
2015-07-10 03:24:20,195 [Worker-129] INFO  o.e.m.c.i.embedder.EclipseLogger - Copying 3 resources
2015-07-10 03:24:20,198 [Worker-129] INFO  o.e.m.c.i.embedder.EclipseLogger - Using 'UTF-8' encoding to copy filtered resources.
2015-07-10 03:24:20,198 [Worker-129] INFO  o.e.m.c.i.embedder.EclipseLogger - skip non existing resourceDirectory C:\Users\helicoptero\GitHub_Ines\Project\src\test\resources
2015-07-10 03:24:42,866 [Worker-129] INFO  o.e.m.c.i.embedder.EclipseLogger - Using 'UTF-8' encoding to copy filtered resources.
2015-07-10 03:24:42,867 [Worker-129] INFO  o.e.m.c.i.embedder.EclipseLogger - Copying 3 resources
2015-07-10 03:24:42,870 [Worker-129] INFO  o.e.m.c.i.embedder.EclipseLogger - Using 'UTF-8' encoding to copy filtered resources.
2015-07-10 03:24:42,871 [Worker-129] INFO  o.e.m.c.i.embedder.EclipseLogger - skip non existing resourceDirectory C:\Users\helicoptero\GitHub_Ines\Project\src\test\resources
2015-07-10 03:27:40,953 [Worker-134] INFO  o.e.m.c.i.embedder.EclipseLogger - Using 'UTF-8' encoding to copy filtered resources.
2015-07-10 03:27:40,954 [Worker-134] INFO  o.e.m.c.i.embedder.EclipseLogger - Copying 3 resources
2015-07-10 03:27:40,957 [Worker-134] INFO  o.e.m.c.i.embedder.EclipseLogger - Using 'UTF-8' encoding to copy filtered resources.
2015-07-10 03:27:40,957 [Worker-134] INFO  o.e.m.c.i.embedder.EclipseLogger - skip non existing resourceDirectory C:\Users\helicoptero\GitHub_Ines\Project\src\test\resources
2015-07-10 03:28:52,101 [Worker-123] INFO  o.e.m.c.i.embedder.EclipseLogger - Using 'UTF-8' encoding to copy filtered resources.
2015-07-10 03:28:52,102 [Worker-123] INFO  o.e.m.c.i.embedder.EclipseLogger - Copying 3 resources
2015-07-10 03:28:52,106 [Worker-123] INFO  o.e.m.c.i.embedder.EclipseLogger - Using 'UTF-8' encoding to copy filtered resources.
2015-07-10 03:28:52,106 [Worker-123] INFO  o.e.m.c.i.embedder.EclipseLogger - skip non existing resourceDirectory C:\Users\helicoptero\GitHub_Ines\Project\src\test\resources
2015-07-10 03:30:04,368 [Worker-129] INFO  o.e.m.c.i.embedder.EclipseLogger - Using 'UTF-8' encoding to copy filtered resources.
2015-07-10 03:30:04,368 [Worker-129] INFO  o.e.m.c.i.embedder.EclipseLogger - Copying 0 resource
2015-07-10 03:30:04,370 [Worker-129] INFO  o.e.m.c.i.embedder.EclipseLogger - Using 'UTF-8' encoding to copy filtered resources.
2015-07-10 03:30:04,370 [Worker-129] INFO  o.e.m.c.i.embedder.EclipseLogger - skip non existing resourceDirectory C:\Users\helicoptero\GitHub_Ines\Project\src\test\resources
2015-07-10 03:31:44,061 [Worker-131] INFO  o.e.m.c.i.embedder.EclipseLogger - Using 'UTF-8' encoding to copy filtered resources.
2015-07-10 03:31:44,061 [Worker-131] INFO  o.e.m.c.i.embedder.EclipseLogger - Copying 0 resource
2015-07-10 03:31:44,063 [Worker-131] INFO  o.e.m.c.i.embedder.EclipseLogger - Using 'UTF-8' encoding to copy filtered resources.
2015-07-10 03:31:44,063 [Worker-131] INFO  o.e.m.c.i.embedder.EclipseLogger - skip non existing resourceDirectory C:\Users\helicoptero\GitHub_Ines\Project\src\test\resources
2015-07-10 03:33:34,526 [Worker-123] INFO  o.e.m.c.i.embedder.EclipseLogger - Using 'UTF-8' encoding to copy filtered resources.
2015-07-10 03:33:34,528 [Worker-123] INFO  o.e.m.c.i.embedder.EclipseLogger - Copying 3 resources
2015-07-10 03:33:34,530 [Worker-123] INFO  o.e.m.c.i.embedder.EclipseLogger - Using 'UTF-8' encoding to copy filtered resources.
2015-07-10 03:33:34,530 [Worker-123] INFO  o.e.m.c.i.embedder.EclipseLogger - skip non existing resourceDirectory C:\Users\helicoptero\GitHub_Ines\Project\src\test\resources
2015-07-10 03:34:40,300 [Worker-132] INFO  o.e.m.c.i.embedder.EclipseLogger - Using 'UTF-8' encoding to copy filtered resources.
2015-07-10 03:34:40,301 [Worker-132] INFO  o.e.m.c.i.embedder.EclipseLogger - Copying 3 resources
2015-07-10 03:34:40,305 [Worker-132] INFO  o.e.m.c.i.embedder.EclipseLogger - Using 'UTF-8' encoding to copy filtered resources.
2015-07-10 03:34:40,305 [Worker-132] INFO  o.e.m.c.i.embedder.EclipseLogger - skip non existing resourceDirectory C:\Users\helicoptero\GitHub_Ines\Project\src\test\resources
2015-07-10 16:06:40,791 [Worker-25] INFO  o.e.m.c.i.l.LifecycleMappingFactory - Using org.maven.ide.eclipse.wtp.WarLifecycleMapping lifecycle mapping for MavenProject: org.springframework.samples.service.service:Project:0.0.1-SNAPSHOT @ C:\Users\helicoptero\GitHub_Ines\Project\pom.xml.
2015-07-10 16:06:48,051 [Worker-25] INFO  o.e.m.c.i.embedder.EclipseLogger - Using 'UTF-8' encoding to copy filtered resources.
2015-07-10 16:06:48,059 [Worker-25] INFO  o.e.m.c.i.embedder.EclipseLogger - Copying 3 resources
2015-07-10 16:06:48,106 [Worker-25] INFO  o.e.m.c.i.embedder.EclipseLogger - Using 'UTF-8' encoding to copy filtered resources.
2015-07-10 16:06:48,107 [Worker-25] INFO  o.e.m.c.i.embedder.EclipseLogger - skip non existing resourceDirectory C:\Users\helicoptero\GitHub_Ines\Project\src\test\resources
2015-07-10 16:06:48,134 [Worker-25] INFO  o.e.m.w.i.f.ResourceFilteringBuildParticipant - Executing resource filtering for Project
2015-07-10 16:06:48,254 [Worker-25] INFO  o.e.m.c.i.embedder.EclipseLogger - Using 'UTF-8' encoding to copy filtered resources.
2015-07-10 16:06:48,256 [Worker-25] INFO  o.e.m.c.i.embedder.EclipseLogger - Copying 2 resources to WEB-INF
2015-07-10 16:10:58,961 [Worker-38] INFO  o.e.m.c.i.embedder.EclipseLogger - Using 'UTF-8' encoding to copy filtered resources.
2015-07-10 16:10:58,970 [Worker-38] INFO  o.e.m.c.i.embedder.EclipseLogger - Copying 0 resource
2015-07-10 16:10:58,973 [Worker-38] INFO  o.e.m.c.i.embedder.EclipseLogger - Using 'UTF-8' encoding to copy filtered resources.
2015-07-10 16:10:58,973 [Worker-38] INFO  o.e.m.c.i.embedder.EclipseLogger - skip non existing resourceDirectory C:\Users\helicoptero\GitHub_Ines\Project\src\test\resources
2015-07-10 16:34:11,368 [Worker-46] INFO  o.e.m.c.i.embedder.EclipseLogger - Using 'UTF-8' encoding to copy filtered resources.
2015-07-10 16:34:11,368 [Worker-46] INFO  o.e.m.c.i.embedder.EclipseLogger - Copying 0 resource
2015-07-10 16:34:11,370 [Worker-46] INFO  o.e.m.c.i.embedder.EclipseLogger - Using 'UTF-8' encoding to copy filtered resources.
2015-07-10 16:34:11,371 [Worker-46] INFO  o.e.m.c.i.embedder.EclipseLogger - skip non existing resourceDirectory C:\Users\helicoptero\GitHub_Ines\Project\src\test\resources
2015-07-10 18:53:46,731 [Worker-8] INFO  o.e.m.c.i.l.LifecycleMappingFactory - Using org.maven.ide.eclipse.wtp.WarLifecycleMapping lifecycle mapping for MavenProject: org.springframework.samples.service.service:Project:0.0.1-SNAPSHOT @ C:\Users\helicoptero\GitHub_Ines\Project\pom.xml.
2015-07-10 18:53:51,911 [Worker-8] INFO  o.e.m.c.i.embedder.EclipseLogger - Using 'UTF-8' encoding to copy filtered resources.
2015-07-10 18:53:51,918 [Worker-8] INFO  o.e.m.c.i.embedder.EclipseLogger - Copying 3 resources
2015-07-10 18:53:51,945 [Worker-8] INFO  o.e.m.c.i.embedder.EclipseLogger - Using 'UTF-8' encoding to copy filtered resources.
2015-07-10 18:53:51,946 [Worker-8] INFO  o.e.m.c.i.embedder.EclipseLogger - skip non existing resourceDirectory C:\Users\helicoptero\GitHub_Ines\Project\src\test\resources
2015-07-10 18:53:51,970 [Worker-8] INFO  o.e.m.w.i.f.ResourceFilteringBuildParticipant - Executing resource filtering for Project
2015-07-10 18:53:52,102 [Worker-8] INFO  o.e.m.c.i.embedder.EclipseLogger - Using 'UTF-8' encoding to copy filtered resources.
2015-07-10 18:53:52,103 [Worker-8] INFO  o.e.m.c.i.embedder.EclipseLogger - Copying 2 resources to WEB-INF
2015-07-10 18:54:29,753 [Worker-15] INFO  o.e.m.c.i.embedder.EclipseLogger - Using 'UTF-8' encoding to copy filtered resources.
2015-07-10 18:54:29,767 [Worker-15] INFO  o.e.m.c.i.embedder.EclipseLogger - Copying 0 resource
2015-07-10 18:54:29,769 [Worker-15] INFO  o.e.m.c.i.embedder.EclipseLogger - Using 'UTF-8' encoding to copy filtered resources.
2015-07-10 18:54:29,770 [Worker-15] INFO  o.e.m.c.i.embedder.EclipseLogger - skip non existing resourceDirectory C:\Users\helicoptero\GitHub_Ines\Project\src\test\resources
2015-07-10 18:55:17,822 [Worker-12] INFO  o.e.m.c.i.embedder.EclipseLogger - Using 'UTF-8' encoding to copy filtered resources.
2015-07-10 18:55:17,823 [Worker-12] INFO  o.e.m.c.i.embedder.EclipseLogger - Copying 0 resource
2015-07-10 18:55:17,825 [Worker-12] INFO  o.e.m.c.i.embedder.EclipseLogger - Using 'UTF-8' encoding to copy filtered resources.
2015-07-10 18:55:17,825 [Worker-12] INFO  o.e.m.c.i.embedder.EclipseLogger - skip non existing resourceDirectory C:\Users\helicoptero\GitHub_Ines\Project\src\test\resources
2015-07-10 18:55:31,272 [Worker-9] INFO  o.e.m.c.i.embedder.EclipseLogger - Using 'UTF-8' encoding to copy filtered resources.
2015-07-10 18:55:31,272 [Worker-9] INFO  o.e.m.c.i.embedder.EclipseLogger - Copying 0 resource
2015-07-10 18:55:31,274 [Worker-9] INFO  o.e.m.c.i.embedder.EclipseLogger - Using 'UTF-8' encoding to copy filtered resources.
2015-07-10 18:55:31,274 [Worker-9] INFO  o.e.m.c.i.embedder.EclipseLogger - skip non existing resourceDirectory C:\Users\helicoptero\GitHub_Ines\Project\src\test\resources
2015-07-10 18:56:59,020 [Worker-14] INFO  o.e.m.c.i.embedder.EclipseLogger - Using 'UTF-8' encoding to copy filtered resources.
2015-07-10 18:56:59,020 [Worker-14] INFO  o.e.m.c.i.embedder.EclipseLogger - Copying 0 resource
2015-07-10 18:56:59,022 [Worker-14] INFO  o.e.m.c.i.embedder.EclipseLogger - Using 'UTF-8' encoding to copy filtered resources.
2015-07-10 18:56:59,023 [Worker-14] INFO  o.e.m.c.i.embedder.EclipseLogger - skip non existing resourceDirectory C:\Users\helicoptero\GitHub_Ines\Project\src\test\resources
2015-07-10 18:57:29,501 [Worker-4] INFO  o.e.m.c.i.embedder.EclipseLogger - Using 'UTF-8' encoding to copy filtered resources.
2015-07-10 18:57:29,501 [Worker-4] INFO  o.e.m.c.i.embedder.EclipseLogger - Copying 0 resource
2015-07-10 18:57:29,503 [Worker-4] INFO  o.e.m.c.i.embedder.EclipseLogger - Using 'UTF-8' encoding to copy filtered resources.
2015-07-10 18:57:29,503 [Worker-4] INFO  o.e.m.c.i.embedder.EclipseLogger - skip non existing resourceDirectory C:\Users\helicoptero\GitHub_Ines\Project\src\test\resources
2015-07-10 18:57:40,183 [Worker-2] INFO  o.e.m.c.i.embedder.EclipseLogger - Using 'UTF-8' encoding to copy filtered resources.
2015-07-10 18:57:40,184 [Worker-2] INFO  o.e.m.c.i.embedder.EclipseLogger - Copying 0 resource
2015-07-10 18:57:40,188 [Worker-2] INFO  o.e.m.c.i.embedder.EclipseLogger - Using 'UTF-8' encoding to copy filtered resources.
2015-07-10 18:57:40,188 [Worker-2] INFO  o.e.m.c.i.embedder.EclipseLogger - skip non existing resourceDirectory C:\Users\helicoptero\GitHub_Ines\Project\src\test\resources
2015-07-10 18:58:37,513 [Worker-9] INFO  o.e.m.c.i.embedder.EclipseLogger - Using 'UTF-8' encoding to copy filtered resources.
2015-07-10 18:58:37,514 [Worker-9] INFO  o.e.m.c.i.embedder.EclipseLogger - Copying 0 resource
2015-07-10 18:58:37,517 [Worker-9] INFO  o.e.m.c.i.embedder.EclipseLogger - Using 'UTF-8' encoding to copy filtered resources.
2015-07-10 18:58:37,517 [Worker-9] INFO  o.e.m.c.i.embedder.EclipseLogger - skip non existing resourceDirectory C:\Users\helicoptero\GitHub_Ines\Project\src\test\resources
2015-07-10 18:58:56,337 [Worker-2] INFO  o.e.m.c.i.embedder.EclipseLogger - Using 'UTF-8' encoding to copy filtered resources.
2015-07-10 18:58:56,337 [Worker-2] INFO  o.e.m.c.i.embedder.EclipseLogger - Copying 0 resource
2015-07-10 18:58:56,340 [Worker-2] INFO  o.e.m.c.i.embedder.EclipseLogger - Using 'UTF-8' encoding to copy filtered resources.
2015-07-10 18:58:56,340 [Worker-2] INFO  o.e.m.c.i.embedder.EclipseLogger - skip non existing resourceDirectory C:\Users\helicoptero\GitHub_Ines\Project\src\test\resources
2015-07-10 18:59:24,211 [Worker-9] INFO  o.e.m.c.i.embedder.EclipseLogger - Using 'UTF-8' encoding to copy filtered resources.
2015-07-10 18:59:24,211 [Worker-9] INFO  o.e.m.c.i.embedder.EclipseLogger - Copying 0 resource
2015-07-10 18:59:24,213 [Worker-9] INFO  o.e.m.c.i.embedder.EclipseLogger - Using 'UTF-8' encoding to copy filtered resources.
2015-07-10 18:59:24,213 [Worker-9] INFO  o.e.m.c.i.embedder.EclipseLogger - skip non existing resourceDirectory C:\Users\helicoptero\GitHub_Ines\Project\src\test\resources
2015-07-10 18:59:33,825 [Worker-10] INFO  o.e.m.c.i.embedder.EclipseLogger - Using 'UTF-8' encoding to copy filtered resources.
2015-07-10 18:59:33,826 [Worker-10] INFO  o.e.m.c.i.embedder.EclipseLogger - Copying 0 resource
2015-07-10 18:59:33,829 [Worker-10] INFO  o.e.m.c.i.embedder.EclipseLogger - Using 'UTF-8' encoding to copy filtered resources.
2015-07-10 18:59:33,830 [Worker-10] INFO  o.e.m.c.i.embedder.EclipseLogger - skip non existing resourceDirectory C:\Users\helicoptero\GitHub_Ines\Project\src\test\resources
